{"/Users/sawsanelhalabi/Documents/Repos/Custom Database/Table.js": {"path":"/Users/sawsanelhalabi/Documents/Repos/Custom Database/Table.js","statementMap":{"0":{"start":{"line":1,"column":23},"end":{"line":1,"column":38}},"1":{"start":{"line":2,"column":11},"end":{"line":2,"column":24}},"2":{"start":{"line":3,"column":31},"end":{"line":3,"column":73}},"3":{"start":{"line":5,"column":0},"end":{"line":43,"column":2}},"4":{"start":{"line":7,"column":4},"end":{"line":7,"column":31}},"5":{"start":{"line":10,"column":4},"end":{"line":10,"column":41}},"6":{"start":{"line":13,"column":25},"end":{"line":13,"column":53}},"7":{"start":{"line":14,"column":4},"end":{"line":33,"column":7}},"8":{"start":{"line":15,"column":6},"end":{"line":32,"column":11}},"9":{"start":{"line":17,"column":10},"end":{"line":21,"column":11}},"10":{"start":{"line":18,"column":12},"end":{"line":18,"column":22}},"11":{"start":{"line":20,"column":12},"end":{"line":20,"column":22}},"12":{"start":{"line":24,"column":10},"end":{"line":31,"column":12}},"13":{"start":{"line":28,"column":14},"end":{"line":28,"column":46}},"14":{"start":{"line":28,"column":25},"end":{"line":28,"column":46}},"15":{"start":{"line":29,"column":14},"end":{"line":29,"column":36}},"16":{"start":{"line":36,"column":4},"end":{"line":41,"column":7}},"17":{"start":{"line":37,"column":6},"end":{"line":40,"column":9}},"18":{"start":{"line":38,"column":8},"end":{"line":38,"column":77}},"19":{"start":{"line":38,"column":19},"end":{"line":38,"column":77}},"20":{"start":{"line":39,"column":8},"end":{"line":39,"column":34}}},"fnMap":{"0":{"name":"(anonymous_0)","decl":{"start":{"line":6,"column":2},"end":{"line":6,"column":3}},"loc":{"start":{"line":6,"column":25},"end":{"line":8,"column":3}},"line":6},"1":{"name":"(anonymous_1)","decl":{"start":{"line":9,"column":2},"end":{"line":9,"column":3}},"loc":{"start":{"line":9,"column":17},"end":{"line":11,"column":3}},"line":9},"2":{"name":"(anonymous_2)","decl":{"start":{"line":12,"column":2},"end":{"line":12,"column":3}},"loc":{"start":{"line":12,"column":23},"end":{"line":34,"column":3}},"line":12},"3":{"name":"(anonymous_3)","decl":{"start":{"line":14,"column":23},"end":{"line":14,"column":24}},"loc":{"start":{"line":14,"column":44},"end":{"line":33,"column":5}},"line":14},"4":{"name":"(anonymous_4)","decl":{"start":{"line":16,"column":15},"end":{"line":16,"column":16}},"loc":{"start":{"line":16,"column":22},"end":{"line":22,"column":9}},"line":16},"5":{"name":"(anonymous_5)","decl":{"start":{"line":23,"column":14},"end":{"line":23,"column":15}},"loc":{"start":{"line":23,"column":24},"end":{"line":32,"column":9}},"line":23},"6":{"name":"(anonymous_6)","decl":{"start":{"line":27,"column":12},"end":{"line":27,"column":13}},"loc":{"start":{"line":27,"column":23},"end":{"line":30,"column":13}},"line":27},"7":{"name":"(anonymous_7)","decl":{"start":{"line":35,"column":2},"end":{"line":35,"column":3}},"loc":{"start":{"line":35,"column":13},"end":{"line":42,"column":3}},"line":35},"8":{"name":"(anonymous_8)","decl":{"start":{"line":36,"column":23},"end":{"line":36,"column":24}},"loc":{"start":{"line":36,"column":44},"end":{"line":41,"column":5}},"line":36},"9":{"name":"(anonymous_9)","decl":{"start":{"line":37,"column":33},"end":{"line":37,"column":34}},"loc":{"start":{"line":37,"column":50},"end":{"line":40,"column":7}},"line":37}},"branchMap":{"0":{"loc":{"start":{"line":17,"column":10},"end":{"line":21,"column":11}},"type":"if","locations":[{"start":{"line":17,"column":10},"end":{"line":21,"column":11}},{"start":{"line":19,"column":17},"end":{"line":21,"column":11}}],"line":17},"1":{"loc":{"start":{"line":28,"column":14},"end":{"line":28,"column":46}},"type":"if","locations":[{"start":{"line":28,"column":14},"end":{"line":28,"column":46}},{"start":{},"end":{}}],"line":28},"2":{"loc":{"start":{"line":38,"column":8},"end":{"line":38,"column":77}},"type":"if","locations":[{"start":{"line":38,"column":8},"end":{"line":38,"column":77}},{"start":{},"end":{}}],"line":38}},"s":{"0":3,"1":3,"2":3,"3":3,"4":7,"5":6,"6":2,"7":2,"8":2,"9":1,"10":1,"11":0,"12":2,"13":2,"14":0,"15":2,"16":4,"17":4,"18":4,"19":2,"20":2},"f":{"0":7,"1":6,"2":2,"3":2,"4":1,"5":2,"6":2,"7":4,"8":4,"9":4},"b":{"0":[1,0],"1":[0,2],"2":[2,2]},"_coverageSchema":"1a1c01bbd47fc00a2c39e90264f33305004495a9","hash":"fe443616a7d845582e7db6447404de3da52b271e"}
,"/Users/sawsanelhalabi/Documents/Repos/Custom Database/commands/InsertCommand.js": {"path":"/Users/sawsanelhalabi/Documents/Repos/Custom Database/commands/InsertCommand.js","statementMap":{"0":{"start":{"line":1,"column":14},"end":{"line":1,"column":33}},"1":{"start":{"line":2,"column":0},"end":{"line":10,"column":2}},"2":{"start":{"line":4,"column":4},"end":{"line":4,"column":38}},"3":{"start":{"line":5,"column":4},"end":{"line":5,"column":25}},"4":{"start":{"line":8,"column":4},"end":{"line":8,"column":54}}},"fnMap":{"0":{"name":"(anonymous_0)","decl":{"start":{"line":3,"column":2},"end":{"line":3,"column":3}},"loc":{"start":{"line":3,"column":37},"end":{"line":6,"column":3}},"line":3},"1":{"name":"(anonymous_1)","decl":{"start":{"line":7,"column":2},"end":{"line":7,"column":3}},"loc":{"start":{"line":7,"column":18},"end":{"line":9,"column":3}},"line":7}},"branchMap":{},"s":{"0":1,"1":1,"2":1,"3":1,"4":0},"f":{"0":1,"1":0},"b":{},"_coverageSchema":"1a1c01bbd47fc00a2c39e90264f33305004495a9","hash":"bed26f5ec657171d19820a859166544fdca16f46"}
,"/Users/sawsanelhalabi/Documents/Repos/Custom Database/commands/SelectCommand.js": {"path":"/Users/sawsanelhalabi/Documents/Repos/Custom Database/commands/SelectCommand.js","statementMap":{"0":{"start":{"line":1,"column":14},"end":{"line":1,"column":33}},"1":{"start":{"line":2,"column":13},"end":{"line":2,"column":35}},"2":{"start":{"line":3,"column":0},"end":{"line":18,"column":2}},"3":{"start":{"line":5,"column":4},"end":{"line":5,"column":38}},"4":{"start":{"line":6,"column":4},"end":{"line":6,"column":27}},"5":{"start":{"line":7,"column":4},"end":{"line":7,"column":33}},"6":{"start":{"line":10,"column":17},"end":{"line":10,"column":44}},"7":{"start":{"line":11,"column":4},"end":{"line":11,"column":56}},"8":{"start":{"line":11,"column":22},"end":{"line":11,"column":56}},"9":{"start":{"line":12,"column":4},"end":{"line":12,"column":37}},"10":{"start":{"line":12,"column":25},"end":{"line":12,"column":37}},"11":{"start":{"line":14,"column":4},"end":{"line":16,"column":7}},"12":{"start":{"line":15,"column":6},"end":{"line":15,"column":40}}},"fnMap":{"0":{"name":"(anonymous_0)","decl":{"start":{"line":4,"column":2},"end":{"line":4,"column":3}},"loc":{"start":{"line":4,"column":50},"end":{"line":8,"column":3}},"line":4},"1":{"name":"(anonymous_1)","decl":{"start":{"line":9,"column":2},"end":{"line":9,"column":3}},"loc":{"start":{"line":9,"column":30},"end":{"line":17,"column":3}},"line":9},"2":{"name":"(anonymous_2)","decl":{"start":{"line":14,"column":20},"end":{"line":14,"column":21}},"loc":{"start":{"line":14,"column":32},"end":{"line":16,"column":5}},"line":14}},"branchMap":{"0":{"loc":{"start":{"line":11,"column":4},"end":{"line":11,"column":56}},"type":"if","locations":[{"start":{"line":11,"column":4},"end":{"line":11,"column":56}},{"start":{},"end":{}}],"line":11},"1":{"loc":{"start":{"line":12,"column":4},"end":{"line":12,"column":37}},"type":"if","locations":[{"start":{"line":12,"column":4},"end":{"line":12,"column":37}},{"start":{},"end":{}}],"line":12}},"s":{"0":1,"1":1,"2":1,"3":2,"4":2,"5":2,"6":0,"7":0,"8":0,"9":0,"10":0,"11":0,"12":0},"f":{"0":2,"1":0,"2":0},"b":{"0":[0,0],"1":[0,0]},"_coverageSchema":"1a1c01bbd47fc00a2c39e90264f33305004495a9","hash":"b345277c783e2ed3482458a30a02537e09b47446"}
,"/Users/sawsanelhalabi/Documents/Repos/Custom Database/commands/WhereCommand.js": {"path":"/Users/sawsanelhalabi/Documents/Repos/Custom Database/commands/WhereCommand.js","statementMap":{"0":{"start":{"line":1,"column":20},"end":{"line":1,"column":37}},"1":{"start":{"line":3,"column":0},"end":{"line":12,"column":2}},"2":{"start":{"line":5,"column":4},"end":{"line":5,"column":33}},"3":{"start":{"line":8,"column":4},"end":{"line":10,"column":7}},"4":{"start":{"line":9,"column":6},"end":{"line":9,"column":46}}},"fnMap":{"0":{"name":"(anonymous_0)","decl":{"start":{"line":4,"column":2},"end":{"line":4,"column":3}},"loc":{"start":{"line":4,"column":26},"end":{"line":6,"column":3}},"line":4},"1":{"name":"(anonymous_1)","decl":{"start":{"line":7,"column":2},"end":{"line":7,"column":3}},"loc":{"start":{"line":7,"column":19},"end":{"line":11,"column":3}},"line":7},"2":{"name":"(anonymous_2)","decl":{"start":{"line":8,"column":26},"end":{"line":8,"column":27}},"loc":{"start":{"line":8,"column":38},"end":{"line":10,"column":5}},"line":8}},"branchMap":{},"s":{"0":1,"1":1,"2":1,"3":0,"4":0},"f":{"0":1,"1":0,"2":0},"b":{},"_coverageSchema":"1a1c01bbd47fc00a2c39e90264f33305004495a9","hash":"0f68e8b8ffd0af295c9fb1bc5856d480c8a1d957"}
,"/Users/sawsanelhalabi/Documents/Repos/Custom Database/errors/TableDoesNotExistError.js": {"path":"/Users/sawsanelhalabi/Documents/Repos/Custom Database/errors/TableDoesNotExistError.js","statementMap":{"0":{"start":{"line":1,"column":0},"end":{"line":6,"column":2}},"1":{"start":{"line":3,"column":4},"end":{"line":3,"column":21}},"2":{"start":{"line":4,"column":4},"end":{"line":4,"column":41}}},"fnMap":{"0":{"name":"(anonymous_0)","decl":{"start":{"line":2,"column":2},"end":{"line":2,"column":3}},"loc":{"start":{"line":2,"column":25},"end":{"line":5,"column":3}},"line":2}},"branchMap":{},"s":{"0":3,"1":2,"2":2},"f":{"0":2},"b":{},"_coverageSchema":"1a1c01bbd47fc00a2c39e90264f33305004495a9","hash":"a193d908f29aa97c66b60b173780ac0e8222ec47"}
,"/Users/sawsanelhalabi/Documents/Repos/Custom Database/parsers/insert.js": {"path":"/Users/sawsanelhalabi/Documents/Repos/Custom Database/parsers/insert.js","statementMap":{"0":{"start":{"line":1,"column":22},"end":{"line":1,"column":58}},"1":{"start":{"line":2,"column":22},"end":{"line":2,"column":55}},"2":{"start":{"line":4,"column":23},"end":{"line":4,"column":31}},"3":{"start":{"line":5,"column":29},"end":{"line":5,"column":35}},"4":{"start":{"line":6,"column":14},"end":{"line":8,"column":1}},"5":{"start":{"line":11,"column":21},"end":{"line":11,"column":47}},"6":{"start":{"line":12,"column":2},"end":{"line":12,"column":34}},"7":{"start":{"line":12,"column":27},"end":{"line":12,"column":34}},"8":{"start":{"line":14,"column":17},"end":{"line":14,"column":56}},"9":{"start":{"line":15,"column":2},"end":{"line":15,"column":29}},"10":{"start":{"line":15,"column":22},"end":{"line":15,"column":29}},"11":{"start":{"line":16,"column":20},"end":{"line":16,"column":47}},"12":{"start":{"line":18,"column":2},"end":{"line":21,"column":5}},"13":{"start":{"line":24,"column":0},"end":{"line":24,"column":36}}},"fnMap":{"0":{"name":"parseInsertCommand","decl":{"start":{"line":10,"column":9},"end":{"line":10,"column":27}},"loc":{"start":{"line":10,"column":43},"end":{"line":22,"column":1}},"line":10}},"branchMap":{"0":{"loc":{"start":{"line":12,"column":2},"end":{"line":12,"column":34}},"type":"if","locations":[{"start":{"line":12,"column":2},"end":{"line":12,"column":34}},{"start":{},"end":{}}],"line":12},"1":{"loc":{"start":{"line":15,"column":2},"end":{"line":15,"column":29}},"type":"if","locations":[{"start":{"line":15,"column":2},"end":{"line":15,"column":29}},{"start":{},"end":{}}],"line":15}},"s":{"0":1,"1":1,"2":1,"3":1,"4":1,"5":5,"6":5,"7":3,"8":2,"9":2,"10":1,"11":1,"12":1,"13":1},"f":{"0":5},"b":{"0":[3,2],"1":[1,1]},"_coverageSchema":"1a1c01bbd47fc00a2c39e90264f33305004495a9","hash":"f51aebeb96015420b7a7b1304f64eb438a831933"}
,"/Users/sawsanelhalabi/Documents/Repos/Custom Database/parsers/select.js": {"path":"/Users/sawsanelhalabi/Documents/Repos/Custom Database/parsers/select.js","statementMap":{"0":{"start":{"line":1,"column":22},"end":{"line":1,"column":58}},"1":{"start":{"line":3,"column":23},"end":{"line":3,"column":31}},"2":{"start":{"line":4,"column":29},"end":{"line":4,"column":35}},"3":{"start":{"line":5,"column":28},"end":{"line":5,"column":31}},"4":{"start":{"line":6,"column":14},"end":{"line":8,"column":1}},"5":{"start":{"line":11,"column":21},"end":{"line":11,"column":47}},"6":{"start":{"line":12,"column":2},"end":{"line":12,"column":34}},"7":{"start":{"line":12,"column":27},"end":{"line":12,"column":34}},"8":{"start":{"line":13,"column":18},"end":{"line":16,"column":38}},"9":{"start":{"line":16,"column":24},"end":{"line":16,"column":37}},"10":{"start":{"line":18,"column":2},"end":{"line":18,"column":35}},"11":{"start":{"line":18,"column":28},"end":{"line":18,"column":35}},"12":{"start":{"line":19,"column":20},"end":{"line":19,"column":47}},"13":{"start":{"line":21,"column":2},"end":{"line":25,"column":5}},"14":{"start":{"line":28,"column":0},"end":{"line":28,"column":36}}},"fnMap":{"0":{"name":"parseSelectCommand","decl":{"start":{"line":10,"column":9},"end":{"line":10,"column":27}},"loc":{"start":{"line":10,"column":43},"end":{"line":26,"column":1}},"line":10},"1":{"name":"(anonymous_1)","decl":{"start":{"line":16,"column":12},"end":{"line":16,"column":13}},"loc":{"start":{"line":16,"column":24},"end":{"line":16,"column":37}},"line":16}},"branchMap":{"0":{"loc":{"start":{"line":12,"column":2},"end":{"line":12,"column":34}},"type":"if","locations":[{"start":{"line":12,"column":2},"end":{"line":12,"column":34}},{"start":{},"end":{}}],"line":12},"1":{"loc":{"start":{"line":18,"column":2},"end":{"line":18,"column":35}},"type":"if","locations":[{"start":{"line":18,"column":2},"end":{"line":18,"column":35}},{"start":{},"end":{}}],"line":18}},"s":{"0":1,"1":1,"2":1,"3":1,"4":1,"5":7,"6":7,"7":3,"8":4,"9":6,"10":4,"11":2,"12":2,"13":2,"14":1},"f":{"0":7,"1":6},"b":{"0":[3,4],"1":[2,2]},"_coverageSchema":"1a1c01bbd47fc00a2c39e90264f33305004495a9","hash":"81a2c9e90c5a5e6de438f4282e3ba133cc3f62c6"}
,"/Users/sawsanelhalabi/Documents/Repos/Custom Database/parsers/where.js": {"path":"/Users/sawsanelhalabi/Documents/Repos/Custom Database/parsers/where.js","statementMap":{"0":{"start":{"line":1,"column":22},"end":{"line":1,"column":55}},"1":{"start":{"line":2,"column":21},"end":{"line":2,"column":56}},"2":{"start":{"line":4,"column":22},"end":{"line":4,"column":29}},"3":{"start":{"line":5,"column":14},"end":{"line":5,"column":67}},"4":{"start":{"line":7,"column":21},"end":{"line":7,"column":47}},"5":{"start":{"line":8,"column":2},"end":{"line":8,"column":33}},"6":{"start":{"line":8,"column":26},"end":{"line":8,"column":33}},"7":{"start":{"line":9,"column":21},"end":{"line":9,"column":64}},"8":{"start":{"line":10,"column":2},"end":{"line":10,"column":33}},"9":{"start":{"line":10,"column":26},"end":{"line":10,"column":33}},"10":{"start":{"line":11,"column":2},"end":{"line":11,"column":38}},"11":{"start":{"line":13,"column":0},"end":{"line":13,"column":35}}},"fnMap":{"0":{"name":"parseWhereCommand","decl":{"start":{"line":6,"column":9},"end":{"line":6,"column":26}},"loc":{"start":{"line":6,"column":42},"end":{"line":12,"column":1}},"line":6}},"branchMap":{"0":{"loc":{"start":{"line":8,"column":2},"end":{"line":8,"column":33}},"type":"if","locations":[{"start":{"line":8,"column":2},"end":{"line":8,"column":33}},{"start":{},"end":{}}],"line":8},"1":{"loc":{"start":{"line":10,"column":2},"end":{"line":10,"column":33}},"type":"if","locations":[{"start":{"line":10,"column":2},"end":{"line":10,"column":33}},{"start":{},"end":{}}],"line":10}},"s":{"0":1,"1":1,"2":1,"3":1,"4":4,"5":4,"6":2,"7":2,"8":2,"9":1,"10":1,"11":1},"f":{"0":4},"b":{"0":[2,2],"1":[1,1]},"_coverageSchema":"1a1c01bbd47fc00a2c39e90264f33305004495a9","hash":"b16ec4d5d7feac4dffa99012e12aff3bdd616104"}
,"/Users/sawsanelhalabi/Documents/Repos/Custom Database/utils/safeParseJSON.js": {"path":"/Users/sawsanelhalabi/Documents/Repos/Custom Database/utils/safeParseJSON.js","statementMap":{"0":{"start":{"line":1,"column":0},"end":{"line":7,"column":2}},"1":{"start":{"line":2,"column":2},"end":{"line":6,"column":3}},"2":{"start":{"line":3,"column":4},"end":{"line":3,"column":30}},"3":{"start":{"line":5,"column":4},"end":{"line":5,"column":11}}},"fnMap":{"0":{"name":"safeParseJSON","decl":{"start":{"line":1,"column":26},"end":{"line":1,"column":39}},"loc":{"start":{"line":1,"column":48},"end":{"line":7,"column":1}},"line":1}},"branchMap":{},"s":{"0":2,"1":4,"2":4,"3":2},"f":{"0":4},"b":{},"_coverageSchema":"1a1c01bbd47fc00a2c39e90264f33305004495a9","hash":"cea7612fe80cbc6c0f9a1fb0d5edfbd65232920f"}
}
