TN:
SF:Table.js
FN:6,(anonymous_0)
FN:9,(anonymous_1)
FN:12,(anonymous_2)
FN:14,(anonymous_3)
FN:16,(anonymous_4)
FN:23,(anonymous_5)
FN:27,(anonymous_6)
FN:35,(anonymous_7)
FN:36,(anonymous_8)
FN:37,(anonymous_9)
FNF:10
FNH:5
FNDA:3,(anonymous_0)
FNDA:2,(anonymous_1)
FNDA:0,(anonymous_2)
FNDA:0,(anonymous_3)
FNDA:0,(anonymous_4)
FNDA:0,(anonymous_5)
FNDA:0,(anonymous_6)
FNDA:2,(anonymous_7)
FNDA:2,(anonymous_8)
FNDA:2,(anonymous_9)
DA:1,2
DA:2,2
DA:3,2
DA:5,2
DA:7,3
DA:10,2
DA:13,0
DA:14,0
DA:15,0
DA:17,0
DA:18,0
DA:20,0
DA:24,0
DA:28,0
DA:29,0
DA:36,2
DA:37,2
DA:38,2
DA:39,1
LF:19
LH:10
BRDA:17,0,0,0
BRDA:17,0,1,0
BRDA:28,1,0,0
BRDA:28,1,1,0
BRDA:38,2,0,1
BRDA:38,2,1,1
BRF:6
BRH:2
end_of_record
TN:
SF:commands/InsertCommand.js
FN:3,(anonymous_0)
FN:7,(anonymous_1)
FNF:2
FNH:1
FNDA:1,(anonymous_0)
FNDA:0,(anonymous_1)
DA:1,1
DA:2,1
DA:4,1
DA:5,1
DA:8,0
LF:5
LH:4
BRF:0
BRH:0
end_of_record
TN:
SF:errors/TableDoesNotExistError.js
FN:2,(anonymous_0)
FNF:1
FNH:1
FNDA:1,(anonymous_0)
DA:1,2
DA:3,1
DA:4,1
LF:3
LH:3
BRF:0
BRH:0
end_of_record
TN:
SF:parsers/insert.js
FN:9,parseInsertCommand
FN:22,safeParseJSON
FNF:2
FNH:2
FNDA:5,parseInsertCommand
FNDA:2,safeParseJSON
DA:1,1
DA:3,1
DA:4,1
DA:5,1
DA:10,5
DA:11,5
DA:13,2
DA:14,2
DA:15,1
DA:17,1
DA:23,2
DA:24,2
DA:26,1
DA:29,1
LF:14
LH:14
BRDA:11,0,0,3
BRDA:11,0,1,2
BRDA:14,1,0,1
BRDA:14,1,1,1
BRF:4
BRH:4
end_of_record
