TN:
SF:Table.js
FN:6,(anonymous_0)
FN:9,(anonymous_1)
FN:12,(anonymous_2)
FN:13,(anonymous_3)
FN:14,(anonymous_4)
FN:20,(anonymous_5)
FN:22,(anonymous_6)
FN:24,(anonymous_7)
FN:31,(anonymous_8)
FN:35,(anonymous_9)
FN:43,(anonymous_10)
FN:44,(anonymous_11)
FN:45,(anonymous_12)
FNF:13
FNH:13
FNDA:19,(anonymous_0)
FNDA:8,(anonymous_1)
FNDA:2,(anonymous_2)
FNDA:2,(anonymous_3)
FNDA:2,(anonymous_4)
FNDA:2,(anonymous_5)
FNDA:2,(anonymous_6)
FNDA:1,(anonymous_7)
FNDA:2,(anonymous_8)
FNDA:2,(anonymous_9)
FNDA:4,(anonymous_10)
FNDA:4,(anonymous_11)
FNDA:4,(anonymous_12)
DA:1,9
DA:2,9
DA:3,9
DA:5,9
DA:7,19
DA:10,8
DA:13,2
DA:14,2
DA:15,2
DA:16,2
DA:21,2
DA:22,2
DA:23,2
DA:25,1
DA:26,1
DA:28,0
DA:32,2
DA:36,2
DA:37,2
DA:44,4
DA:45,4
DA:46,4
DA:47,2
LF:23
LH:22
BRDA:15,0,0,0
BRDA:15,0,1,2
BRDA:25,1,0,1
BRDA:25,1,1,0
BRDA:36,2,0,0
BRDA:36,2,1,2
BRDA:46,3,0,2
BRDA:46,3,1,2
BRF:8
BRH:5
end_of_record
TN:
SF:commands/DeleteCommand.js
FN:4,(anonymous_0)
FN:8,(anonymous_1)
FN:12,(anonymous_2)
FN:16,(anonymous_3)
FNF:4
FNH:4
FNDA:3,(anonymous_0)
FNDA:2,(anonymous_1)
FNDA:4,(anonymous_2)
FNDA:3,(anonymous_3)
DA:1,2
DA:3,2
DA:5,3
DA:9,2
DA:10,2
DA:11,2
DA:12,2
DA:13,4
DA:15,2
DA:16,3
LF:10
LH:10
BRDA:11,0,0,1
BRDA:11,0,1,1
BRF:2
BRH:2
end_of_record
TN:
SF:commands/InsertCommand.js
FN:3,(anonymous_0)
FN:7,(anonymous_1)
FNF:2
FNH:2
FNDA:2,(anonymous_0)
FNDA:1,(anonymous_1)
DA:1,2
DA:2,2
DA:4,2
DA:5,2
DA:8,1
LF:5
LH:5
BRF:0
BRH:0
end_of_record
TN:
SF:commands/SelectCommand.js
FN:4,(anonymous_0)
FN:9,(anonymous_1)
FN:14,(anonymous_2)
FNF:3
FNH:3
FNDA:5,(anonymous_0)
FNDA:3,(anonymous_1)
FNDA:2,(anonymous_2)
DA:1,2
DA:2,2
DA:3,2
DA:5,5
DA:6,5
DA:7,5
DA:10,3
DA:11,3
DA:12,3
DA:14,1
DA:15,2
LF:11
LH:11
BRDA:11,0,0,1
BRDA:11,0,1,2
BRDA:12,1,0,2
BRDA:12,1,1,1
BRF:4
BRH:4
end_of_record
TN:
SF:commands/UpdateCommand.js
FN:4,(anonymous_0)
FN:9,(anonymous_1)
FN:14,(anonymous_2)
FNF:3
FNH:3
FNDA:3,(anonymous_0)
FNDA:2,(anonymous_1)
FNDA:4,(anonymous_2)
DA:1,2
DA:3,2
DA:5,3
DA:6,3
DA:10,2
DA:11,2
DA:12,2
DA:13,2
DA:14,2
DA:15,4
DA:16,3
DA:17,3
DA:18,3
DA:21,1
DA:24,2
DA:25,2
LF:16
LH:16
BRDA:12,0,0,1
BRDA:12,0,1,1
BRDA:15,1,0,3
BRDA:15,1,1,1
BRF:4
BRH:4
end_of_record
TN:
SF:commands/WhereCommand.js
FN:4,(anonymous_0)
FN:7,(anonymous_1)
FN:8,(anonymous_2)
FNF:3
FNH:3
FNDA:4,(anonymous_0)
FNDA:3,(anonymous_1)
FNDA:8,(anonymous_2)
DA:1,2
DA:3,2
DA:5,4
DA:8,3
DA:9,8
LF:5
LH:5
BRF:0
BRH:0
end_of_record
TN:
SF:errors/TableDoesNotExistError.js
FN:2,(anonymous_0)
FNF:1
FNH:1
FNDA:2,(anonymous_0)
DA:1,9
DA:3,2
DA:4,2
LF:3
LH:3
BRF:0
BRH:0
end_of_record
TN:
SF:parsers/delete.js
FN:9,parseDeleteCommand
FNF:1
FNH:1
FNDA:4,parseDeleteCommand
DA:1,1
DA:3,1
DA:4,1
DA:5,1
DA:10,4
DA:11,4
DA:13,1
DA:15,1
DA:20,1
LF:9
LH:9
BRDA:11,0,0,3
BRDA:11,0,1,1
BRF:2
BRH:2
end_of_record
TN:
SF:parsers/insert.js
FN:10,parseInsertCommand
FNF:1
FNH:1
FNDA:5,parseInsertCommand
DA:1,1
DA:2,1
DA:4,1
DA:5,1
DA:6,1
DA:11,5
DA:12,5
DA:14,2
DA:15,2
DA:16,1
DA:18,1
DA:24,1
LF:12
LH:12
BRDA:12,0,0,3
BRDA:12,0,1,2
BRDA:15,1,0,1
BRDA:15,1,1,1
BRF:4
BRH:4
end_of_record
TN:
SF:parsers/select.js
FN:10,parseSelectCommand
FN:16,(anonymous_1)
FNF:2
FNH:2
FNDA:7,parseSelectCommand
FNDA:6,(anonymous_1)
DA:1,1
DA:3,1
DA:4,1
DA:5,1
DA:6,1
DA:11,7
DA:12,7
DA:13,4
DA:16,6
DA:18,4
DA:19,2
DA:21,2
DA:28,1
LF:13
LH:13
BRDA:12,0,0,3
BRDA:12,0,1,4
BRDA:18,1,0,2
BRDA:18,1,1,2
BRF:4
BRH:4
end_of_record
TN:
SF:parsers/update.js
FN:10,parseUpdateCommand
FNF:1
FNH:1
FNDA:6,parseUpdateCommand
DA:1,1
DA:2,1
DA:4,1
DA:5,1
DA:6,1
DA:11,6
DA:12,6
DA:14,2
DA:15,2
DA:16,1
DA:18,1
DA:24,1
LF:12
LH:12
BRDA:12,0,0,4
BRDA:12,0,1,2
BRDA:15,1,0,1
BRDA:15,1,1,1
BRF:4
BRH:4
end_of_record
TN:
SF:parsers/where.js
FN:6,parseWhereCommand
FNF:1
FNH:1
FNDA:4,parseWhereCommand
DA:1,1
DA:2,1
DA:4,1
DA:5,1
DA:7,4
DA:8,4
DA:9,2
DA:10,2
DA:11,1
DA:13,1
LF:10
LH:10
BRDA:8,0,0,2
BRDA:8,0,1,2
BRDA:10,1,0,1
BRDA:10,1,1,1
BRF:4
BRH:4
end_of_record
TN:
SF:utils/safeParseJSON.js
FN:1,safeParseJSON
FNF:1
FNH:1
FNDA:6,safeParseJSON
DA:1,3
DA:2,6
DA:3,6
DA:5,3
LF:4
LH:4
BRF:0
BRH:0
end_of_record
